[ 2016-12-05T10:05:38+08:00 ] 127.0.0.1 /
INFO: [ app_init ] --START--
INFO: Run Behavior\BuildLiteBehavior [ RunTime:0.000000s ]
INFO: [ app_init ] --END-- [ RunTime:0.001000s ]
INFO: [ app_begin ] --START--
INFO: Run Behavior\ReadHtmlCacheBehavior [ RunTime:0.001000s ]
INFO: [ app_begin ] --END-- [ RunTime:0.001000s ]

[ 2016-12-05T10:05:38+08:00 ] 127.0.0.1 /index.php/Home/index/login.html
INFO: [ app_init ] --START--
INFO: Run Behavior\BuildLiteBehavior [ RunTime:0.000000s ]
INFO: [ app_init ] --END-- [ RunTime:0.000000s ]
INFO: [ app_begin ] --START--
INFO: Run Behavior\ReadHtmlCacheBehavior [ RunTime:0.001000s ]
INFO: [ app_begin ] --END-- [ RunTime:0.001000s ]
INFO: [ view_parse ] --START--
INFO: [ template_filter ] --START--
INFO: Run Behavior\ContentReplaceBehavior [ RunTime:0.000000s ]
INFO: [ template_filter ] --END-- [ RunTime:0.000000s ]
INFO: Run Behavior\ParseTemplateBehavior [ RunTime:0.005001s ]
INFO: [ view_parse ] --END-- [ RunTime:0.005001s ]
INFO: [ view_filter ] --START--
INFO: Run Behavior\WriteHtmlCacheBehavior [ RunTime:0.001000s ]
INFO: [ view_filter ] --END-- [ RunTime:0.001000s ]
INFO: [ app_end ] --START--
INFO: Run Behavior\ShowPageTraceBehavior [ RunTime:0.000000s ]
INFO: [ app_end ] --END-- [ RunTime:0.000000s ]

[ 2016-12-05T10:05:47+08:00 ] 127.0.0.1 /index.php/Home/index/login.html
INFO: [ app_init ] --START--
INFO: Run Behavior\BuildLiteBehavior [ RunTime:0.000000s ]
INFO: [ app_init ] --END-- [ RunTime:0.001000s ]
INFO: [ app_begin ] --START--
INFO: Run Behavior\ReadHtmlCacheBehavior [ RunTime:0.001000s ]
INFO: [ app_begin ] --END-- [ RunTime:0.001000s ]
SQL: SELECT `FPassWord` FROM `t_account` WHERE `FAccountName` = 'admin' LIMIT 1   [ RunTime:0.0390s ]
INFO: [ view_parse ] --START--
INFO: [ template_filter ] --START--
INFO: Run Behavior\ContentReplaceBehavior [ RunTime:0.000000s ]
INFO: [ template_filter ] --END-- [ RunTime:0.000000s ]
INFO: Run Behavior\ParseTemplateBehavior [ RunTime:0.017001s ]
INFO: [ view_parse ] --END-- [ RunTime:0.018001s ]
INFO: [ view_filter ] --START--
INFO: Run Behavior\WriteHtmlCacheBehavior [ RunTime:0.001000s ]
INFO: [ view_filter ] --END-- [ RunTime:0.001000s ]

[ 2016-12-05T10:05:51+08:00 ] 127.0.0.1 /index.php/Home/index/login.html
INFO: [ app_init ] --START--
INFO: Run Behavior\BuildLiteBehavior [ RunTime:0.000000s ]
INFO: [ app_init ] --END-- [ RunTime:0.000000s ]
INFO: [ app_begin ] --START--
INFO: Run Behavior\ReadHtmlCacheBehavior [ RunTime:0.000000s ]
INFO: [ app_begin ] --END-- [ RunTime:0.000000s ]
INFO: [ view_parse ] --START--
INFO: [ template_filter ] --START--
INFO: Run Behavior\ContentReplaceBehavior [ RunTime:0.000000s ]
INFO: [ template_filter ] --END-- [ RunTime:0.001000s ]
INFO: Run Behavior\ParseTemplateBehavior [ RunTime:0.008001s ]
INFO: [ view_parse ] --END-- [ RunTime:0.008001s ]
INFO: [ view_filter ] --START--
INFO: Run Behavior\WriteHtmlCacheBehavior [ RunTime:0.000000s ]
INFO: [ view_filter ] --END-- [ RunTime:0.000000s ]
INFO: [ app_end ] --START--
INFO: Run Behavior\ShowPageTraceBehavior [ RunTime:0.001000s ]
INFO: [ app_end ] --END-- [ RunTime:0.001000s ]

[ 2016-12-05T10:05:56+08:00 ] 127.0.0.1 /index.php/Home/index/login.html
INFO: [ app_init ] --START--
INFO: Run Behavior\BuildLiteBehavior [ RunTime:0.000000s ]
INFO: [ app_init ] --END-- [ RunTime:0.001000s ]
INFO: [ app_begin ] --START--
INFO: Run Behavior\ReadHtmlCacheBehavior [ RunTime:0.001000s ]
INFO: [ app_begin ] --END-- [ RunTime:0.002000s ]
SQL: SELECT `FPassWord` FROM `t_account` WHERE `FAccountName` = 'admin' LIMIT 1   [ RunTime:0.0460s ]
INFO: [ view_parse ] --START--
INFO: [ template_filter ] --START--
INFO: Run Behavior\ContentReplaceBehavior [ RunTime:0.000000s ]
INFO: [ template_filter ] --END-- [ RunTime:0.000000s ]
INFO: Run Behavior\ParseTemplateBehavior [ RunTime:0.018001s ]
INFO: [ view_parse ] --END-- [ RunTime:0.018001s ]
INFO: [ view_filter ] --START--
INFO: Run Behavior\WriteHtmlCacheBehavior [ RunTime:0.001000s ]
INFO: [ view_filter ] --END-- [ RunTime:0.002000s ]
INFO: [ view_parse ] --START--
INFO: [ template_filter ] --START--
INFO: Run Behavior\ContentReplaceBehavior [ RunTime:0.000000s ]
INFO: [ template_filter ] --END-- [ RunTime:-0.009001s ]
INFO: Run Behavior\ParseTemplateBehavior [ RunTime:0.008001s ]
INFO: [ view_parse ] --END-- [ RunTime:-0.002000s ]
INFO: [ view_filter ] --START--
INFO: Run Behavior\WriteHtmlCacheBehavior [ RunTime:0.000000s ]
INFO: [ view_filter ] --END-- [ RunTime:-0.008001s ]
INFO: [ app_end ] --START--
INFO: Run Behavior\ShowPageTraceBehavior [ RunTime:0.001000s ]
INFO: [ app_end ] --END-- [ RunTime:0.001000s ]

[ 2016-12-05T10:05:57+08:00 ] 127.0.0.1 /
INFO: [ app_init ] --START--
INFO: Run Behavior\BuildLiteBehavior [ RunTime:0.000000s ]
INFO: [ app_init ] --END-- [ RunTime:0.001000s ]
INFO: [ app_begin ] --START--
INFO: Run Behavior\ReadHtmlCacheBehavior [ RunTime:0.001000s ]
INFO: [ app_begin ] --END-- [ RunTime:0.001000s ]
INFO: [ view_parse ] --START--
INFO: [ template_filter ] --START--
INFO: Run Behavior\ContentReplaceBehavior [ RunTime:0.000000s ]
INFO: [ template_filter ] --END-- [ RunTime:0.000000s ]
INFO: Run Behavior\ParseTemplateBehavior [ RunTime:0.010001s ]
INFO: [ view_parse ] --END-- [ RunTime:0.010001s ]
INFO: [ view_filter ] --START--
INFO: Run Behavior\WriteHtmlCacheBehavior [ RunTime:0.001000s ]
INFO: [ view_filter ] --END-- [ RunTime:0.001000s ]
INFO: [ app_end ] --START--
INFO: Run Behavior\ShowPageTraceBehavior [ RunTime:0.000000s ]
INFO: [ app_end ] --END-- [ RunTime:0.000000s ]

[ 2016-12-05T10:06:10+08:00 ] 127.0.0.1 /index.php/Home/system/draw
INFO: [ app_init ] --START--
INFO: Run Behavior\BuildLiteBehavior [ RunTime:0.000000s ]
INFO: [ app_init ] --END-- [ RunTime:0.000000s ]
INFO: [ app_begin ] --START--
INFO: Run Behavior\ReadHtmlCacheBehavior [ RunTime:0.001000s ]
INFO: [ app_begin ] --END-- [ RunTime:0.001000s ]
NOTIC: [2] Invalid argument supplied for foreach() F:\phpStudy\WWW\yueche\ThinkPHP\Library\Think\Db\Driver.class.php 第 504 行.
SQL: SELECT COUNT(*) AS tp_count FROM `t_cashlog` LIMIT 1   [ RunTime:0.0460s ]
NOTIC: [2] Invalid argument supplied for foreach() F:\phpStudy\WWW\yueche\ThinkPHP\Library\Think\Db\Driver.class.php 第 504 行.
SQL: SELECT * FROM `t_cashlog` ORDER BY PID desc LIMIT 0,15   [ RunTime:0.0170s ]
SQL: SELECT `FName` FROM `t_driver` WHERE `PID` = 2 LIMIT 1   [ RunTime:0.0180s ]
SQL: SELECT `FBankCode` FROM `t_bankaccount` WHERE `PID` = 2 LIMIT 1   [ RunTime:0.0300s ]
SQL: SELECT `FAccountName` FROM `t_account` WHERE `PID` = 1 LIMIT 1   [ RunTime:0.0150s ]
INFO: [ view_parse ] --START--
INFO: [ template_filter ] --START--
INFO: Run Behavior\ContentReplaceBehavior [ RunTime:0.000000s ]
INFO: [ template_filter ] --END-- [ RunTime:0.000000s ]
INFO: Run Behavior\ParseTemplateBehavior [ RunTime:0.012001s ]
INFO: [ view_parse ] --END-- [ RunTime:0.012001s ]
INFO: [ view_filter ] --START--
INFO: Run Behavior\WriteHtmlCacheBehavior [ RunTime:0.001000s ]
INFO: [ view_filter ] --END-- [ RunTime:0.001000s ]
INFO: [ app_end ] --START--
INFO: Run Behavior\ShowPageTraceBehavior [ RunTime:0.001000s ]
INFO: [ app_end ] --END-- [ RunTime:0.001000s ]

[ 2016-12-05T10:12:58+08:00 ] 127.0.0.1 /
INFO: [ app_init ] --START--
INFO: Run Behavior\BuildLiteBehavior [ RunTime:0.000000s ]
INFO: [ app_init ] --END-- [ RunTime:0.001000s ]
INFO: [ app_begin ] --START--
INFO: Run Behavior\ReadHtmlCacheBehavior [ RunTime:0.000000s ]
INFO: [ app_begin ] --END-- [ RunTime:0.002000s ]
INFO: [ view_parse ] --START--
INFO: [ template_filter ] --START--
INFO: Run Behavior\ContentReplaceBehavior [ RunTime:0.000000s ]
INFO: [ template_filter ] --END-- [ RunTime:0.000000s ]
INFO: Run Behavior\ParseTemplateBehavior [ RunTime:0.010001s ]
INFO: [ view_parse ] --END-- [ RunTime:0.010001s ]
INFO: [ view_filter ] --START--
INFO: Run Behavior\WriteHtmlCacheBehavior [ RunTime:0.001000s ]
INFO: [ view_filter ] --END-- [ RunTime:0.001000s ]
INFO: [ app_end ] --START--
INFO: Run Behavior\ShowPageTraceBehavior [ RunTime:0.000000s ]
INFO: [ app_end ] --END-- [ RunTime:0.000000s ]

[ 2016-12-05T10:13:05+08:00 ] 127.0.0.1 /index.php/Home/driver/bankcard
INFO: [ app_init ] --START--
INFO: Run Behavior\BuildLiteBehavior [ RunTime:0.000000s ]
INFO: [ app_init ] --END-- [ RunTime:0.000000s ]
INFO: [ app_begin ] --START--
INFO: Run Behavior\ReadHtmlCacheBehavior [ RunTime:0.001000s ]
INFO: [ app_begin ] --END-- [ RunTime:0.001000s ]
NOTIC: [2] Invalid argument supplied for foreach() F:\phpStudy\WWW\yueche\ThinkPHP\Library\Think\Db\Driver.class.php 第 504 行.
SQL: SELECT COUNT(*) AS tp_count FROM `t_bankaccount` LIMIT 1   [ RunTime:0.0490s ]
NOTIC: [2] Invalid argument supplied for foreach() F:\phpStudy\WWW\yueche\ThinkPHP\Library\Think\Db\Driver.class.php 第 504 行.
SQL: SELECT * FROM `t_bankaccount` ORDER BY PID desc LIMIT 0,15   [ RunTime:0.0150s ]
SQL: SELECT `FName` FROM `t_driver` WHERE `PID` = 2 LIMIT 1   [ RunTime:0.0180s ]
INFO: [ view_parse ] --START--
INFO: [ template_filter ] --START--
INFO: Run Behavior\ContentReplaceBehavior [ RunTime:0.000000s ]
INFO: [ template_filter ] --END-- [ RunTime:0.000000s ]
INFO: Run Behavior\ParseTemplateBehavior [ RunTime:0.018001s ]
INFO: [ view_parse ] --END-- [ RunTime:0.019001s ]
INFO: [ view_filter ] --START--
INFO: Run Behavior\WriteHtmlCacheBehavior [ RunTime:0.001000s ]
INFO: [ view_filter ] --END-- [ RunTime:0.001000s ]
INFO: [ app_end ] --START--
INFO: Run Behavior\ShowPageTraceBehavior [ RunTime:0.001000s ]
INFO: [ app_end ] --END-- [ RunTime:0.001000s ]

[ 2016-12-05T10:13:14+08:00 ] 127.0.0.1 /index.php/Home/driver/bankdel.html
INFO: [ app_init ] --START--
INFO: Run Behavior\BuildLiteBehavior [ RunTime:0.000000s ]
INFO: [ app_init ] --END-- [ RunTime:0.001000s ]
INFO: [ app_begin ] --START--
INFO: Run Behavior\ReadHtmlCacheBehavior [ RunTime:0.001000s ]
INFO: [ app_begin ] --END-- [ RunTime:0.001000s ]
SQL: DELETE FROM `t_bankaccount` WHERE `PID` = 2 [ RunTime:0.0400s ]

[ 2016-12-05T10:13:15+08:00 ] 127.0.0.1 /index.php/Home/driver/bankcard
INFO: [ app_init ] --START--
INFO: Run Behavior\BuildLiteBehavior [ RunTime:0.000000s ]
INFO: [ app_init ] --END-- [ RunTime:0.000000s ]
INFO: [ app_begin ] --START--
INFO: Run Behavior\ReadHtmlCacheBehavior [ RunTime:0.001000s ]
INFO: [ app_begin ] --END-- [ RunTime:0.001000s ]
NOTIC: [2] Invalid argument supplied for foreach() F:\phpStudy\WWW\yueche\ThinkPHP\Library\Think\Db\Driver.class.php 第 504 行.
SQL: SELECT COUNT(*) AS tp_count FROM `t_bankaccount` LIMIT 1   [ RunTime:0.0380s ]
NOTIC: [2] Invalid argument supplied for foreach() F:\phpStudy\WWW\yueche\ThinkPHP\Library\Think\Db\Driver.class.php 第 504 行.
SQL: SELECT * FROM `t_bankaccount` ORDER BY PID desc LIMIT 0,15   [ RunTime:0.0180s ]
INFO: [ view_parse ] --START--
INFO: [ template_filter ] --START--
INFO: Run Behavior\ContentReplaceBehavior [ RunTime:0.000000s ]
INFO: [ template_filter ] --END-- [ RunTime:0.000000s ]
INFO: Run Behavior\ParseTemplateBehavior [ RunTime:0.010001s ]
INFO: [ view_parse ] --END-- [ RunTime:0.010001s ]
INFO: [ view_filter ] --START--
INFO: Run Behavior\WriteHtmlCacheBehavior [ RunTime:0.001000s ]
INFO: [ view_filter ] --END-- [ RunTime:0.001000s ]
INFO: [ app_end ] --START--
INFO: Run Behavior\ShowPageTraceBehavior [ RunTime:0.001000s ]
INFO: [ app_end ] --END-- [ RunTime:0.001000s ]

[ 2016-12-05T10:21:09+08:00 ] 127.0.0.1 /index.php/Home/index/logout
INFO: [ app_init ] --START--
INFO: Run Behavior\BuildLiteBehavior [ RunTime:0.000000s ]
INFO: [ app_init ] --END-- [ RunTime:0.000000s ]
INFO: [ app_begin ] --START--
INFO: Run Behavior\ReadHtmlCacheBehavior [ RunTime:0.001000s ]
INFO: [ app_begin ] --END-- [ RunTime:0.001000s ]

[ 2016-12-05T10:21:10+08:00 ] 127.0.0.1 /index.php/Home/index/login.html
INFO: [ app_init ] --START--
INFO: Run Behavior\BuildLiteBehavior [ RunTime:0.000000s ]
INFO: [ app_init ] --END-- [ RunTime:0.000000s ]
INFO: [ app_begin ] --START--
INFO: Run Behavior\ReadHtmlCacheBehavior [ RunTime:0.001000s ]
INFO: [ app_begin ] --END-- [ RunTime:0.001000s ]
INFO: [ view_parse ] --START--
INFO: [ template_filter ] --START--
INFO: Run Behavior\ContentReplaceBehavior [ RunTime:0.000000s ]
INFO: [ template_filter ] --END-- [ RunTime:0.000000s ]
INFO: Run Behavior\ParseTemplateBehavior [ RunTime:0.009001s ]
INFO: [ view_parse ] --END-- [ RunTime:0.009001s ]
INFO: [ view_filter ] --START--
INFO: Run Behavior\WriteHtmlCacheBehavior [ RunTime:0.000000s ]
INFO: [ view_filter ] --END-- [ RunTime:0.000000s ]
INFO: [ app_end ] --START--
INFO: Run Behavior\ShowPageTraceBehavior [ RunTime:0.001000s ]
INFO: [ app_end ] --END-- [ RunTime:0.001000s ]

[ 2016-12-05T11:06:08+08:00 ] 127.0.0.1 /
INFO: [ app_init ] --START--
INFO: Run Behavior\BuildLiteBehavior [ RunTime:0.000000s ]
INFO: [ app_init ] --END-- [ RunTime:0.000000s ]
INFO: [ app_begin ] --START--
INFO: Run Behavior\ReadHtmlCacheBehavior [ RunTime:0.001000s ]
INFO: [ app_begin ] --END-- [ RunTime:0.001000s ]

[ 2016-12-05T11:06:08+08:00 ] 127.0.0.1 /index.php/Home/index/login.html
INFO: [ app_init ] --START--
INFO: Run Behavior\BuildLiteBehavior [ RunTime:0.000000s ]
INFO: [ app_init ] --END-- [ RunTime:0.000000s ]
INFO: [ app_begin ] --START--
INFO: Run Behavior\ReadHtmlCacheBehavior [ RunTime:0.001000s ]
INFO: [ app_begin ] --END-- [ RunTime:0.001000s ]
INFO: [ view_parse ] --START--
INFO: [ template_filter ] --START--
INFO: Run Behavior\ContentReplaceBehavior [ RunTime:0.000000s ]
INFO: [ template_filter ] --END-- [ RunTime:0.000000s ]
INFO: Run Behavior\ParseTemplateBehavior [ RunTime:0.005000s ]
INFO: [ view_parse ] --END-- [ RunTime:0.005000s ]
INFO: [ view_filter ] --START--
INFO: Run Behavior\WriteHtmlCacheBehavior [ RunTime:0.000000s ]
INFO: [ view_filter ] --END-- [ RunTime:0.000000s ]
INFO: [ app_end ] --START--
INFO: Run Behavior\ShowPageTraceBehavior [ RunTime:0.001000s ]
INFO: [ app_end ] --END-- [ RunTime:0.001000s ]

[ 2016-12-05T11:06:17+08:00 ] 127.0.0.1 /index.php/Home/index/login.html
INFO: [ app_init ] --START--
INFO: Run Behavior\BuildLiteBehavior [ RunTime:0.000000s ]
INFO: [ app_init ] --END-- [ RunTime:0.001001s ]
INFO: [ app_begin ] --START--
INFO: Run Behavior\ReadHtmlCacheBehavior [ RunTime:0.001000s ]
INFO: [ app_begin ] --END-- [ RunTime:0.001000s ]
SQL: SELECT `FPassWord` FROM `t_account` WHERE `FAccountName` = 'admin' LIMIT 1   [ RunTime:0.0380s ]
INFO: [ view_parse ] --START--
INFO: [ template_filter ] --START--
INFO: Run Behavior\ContentReplaceBehavior [ RunTime:0.000000s ]
INFO: [ template_filter ] --END-- [ RunTime:0.000000s ]
INFO: Run Behavior\ParseTemplateBehavior [ RunTime:0.019002s ]
INFO: [ view_parse ] --END-- [ RunTime:0.019002s ]
INFO: [ view_filter ] --START--
INFO: Run Behavior\WriteHtmlCacheBehavior [ RunTime:0.002000s ]
INFO: [ view_filter ] --END-- [ RunTime:0.002000s ]
INFO: [ view_parse ] --START--
INFO: [ template_filter ] --START--
INFO: Run Behavior\ContentReplaceBehavior [ RunTime:0.000000s ]
INFO: [ template_filter ] --END-- [ RunTime:-0.010001s ]
INFO: Run Behavior\ParseTemplateBehavior [ RunTime:0.005000s ]
INFO: [ view_parse ] --END-- [ RunTime:-0.003000s ]
INFO: [ view_filter ] --START--
INFO: Run Behavior\WriteHtmlCacheBehavior [ RunTime:0.001000s ]
INFO: [ view_filter ] --END-- [ RunTime:-0.006000s ]
INFO: [ app_end ] --START--
INFO: Run Behavior\ShowPageTraceBehavior [ RunTime:0.001000s ]
INFO: [ app_end ] --END-- [ RunTime:0.001000s ]

[ 2016-12-05T11:06:18+08:00 ] 127.0.0.1 /
INFO: [ app_init ] --START--
INFO: Run Behavior\BuildLiteBehavior [ RunTime:0.000000s ]
INFO: [ app_init ] --END-- [ RunTime:0.001000s ]
INFO: [ app_begin ] --START--
INFO: Run Behavior\ReadHtmlCacheBehavior [ RunTime:0.001000s ]
INFO: [ app_begin ] --END-- [ RunTime:0.001000s ]
INFO: [ view_parse ] --START--
INFO: [ template_filter ] --START--
INFO: Run Behavior\ContentReplaceBehavior [ RunTime:0.000000s ]
INFO: [ template_filter ] --END-- [ RunTime:0.000000s ]
INFO: Run Behavior\ParseTemplateBehavior [ RunTime:0.005001s ]
INFO: [ view_parse ] --END-- [ RunTime:0.005001s ]
INFO: [ view_filter ] --START--
INFO: Run Behavior\WriteHtmlCacheBehavior [ RunTime:0.000000s ]
INFO: [ view_filter ] --END-- [ RunTime:0.000000s ]
INFO: [ app_end ] --START--
INFO: Run Behavior\ShowPageTraceBehavior [ RunTime:0.000000s ]
INFO: [ app_end ] --END-- [ RunTime:0.000000s ]

[ 2016-12-05T11:06:30+08:00 ] 127.0.0.1 /index.php/Home/driver/lists
INFO: [ app_init ] --START--
INFO: Run Behavior\BuildLiteBehavior [ RunTime:0.000000s ]
INFO: [ app_init ] --END-- [ RunTime:0.001000s ]
INFO: [ app_begin ] --START--
INFO: Run Behavior\ReadHtmlCacheBehavior [ RunTime:0.001000s ]
INFO: [ app_begin ] --END-- [ RunTime:0.001000s ]
SQL: SELECT `PID`,`FName`,`FMobilePhone`,`FImg`,`KCity`,`FCarCode`,`FCarType`,`FRegisterTime` FROM `t_driver` WHERE `FIsAudit` = 3  [ RunTime:0.0350s ]
INFO: [ view_parse ] --START--
INFO: [ template_filter ] --START--
INFO: Run Behavior\ContentReplaceBehavior [ RunTime:0.001000s ]
INFO: [ template_filter ] --END-- [ RunTime:0.001000s ]
INFO: Run Behavior\ParseTemplateBehavior [ RunTime:0.015001s ]
INFO: [ view_parse ] --END-- [ RunTime:0.015001s ]
INFO: [ view_filter ] --START--
INFO: Run Behavior\WriteHtmlCacheBehavior [ RunTime:0.001000s ]
INFO: [ view_filter ] --END-- [ RunTime:0.001000s ]
INFO: [ app_end ] --START--
INFO: Run Behavior\ShowPageTraceBehavior [ RunTime:0.001000s ]
INFO: [ app_end ] --END-- [ RunTime:0.001000s ]

[ 2016-12-05T11:06:34+08:00 ] 127.0.0.1 /index.php/Home/order/lists
INFO: [ app_init ] --START--
INFO: Run Behavior\BuildLiteBehavior [ RunTime:0.000000s ]
INFO: [ app_init ] --END-- [ RunTime:0.001000s ]
INFO: [ app_begin ] --START--
INFO: Run Behavior\ReadHtmlCacheBehavior [ RunTime:0.000000s ]
INFO: [ app_begin ] --END-- [ RunTime:0.000000s ]
SQL: SHOW COLUMNS FROM `t_carorder` [ RunTime:0.0400s ]
NOTIC: [2] Invalid argument supplied for foreach() F:\phpStudy\WWW\yueche\ThinkPHP\Library\Think\Db\Driver.class.php 第 504 行.
SQL: SELECT COUNT(*) AS tp_count FROM `t_carorder` LIMIT 1   [ RunTime:0.0160s ]
NOTIC: [2] Invalid argument supplied for foreach() F:\phpStudy\WWW\yueche\ThinkPHP\Library\Think\Db\Driver.class.php 第 504 行.
SQL: SELECT * FROM `t_carorder` ORDER BY PID desc LIMIT 0,15   [ RunTime:0.0240s ]
SQL: SELECT `FName` FROM `t_driver` WHERE `PID` = 13 LIMIT 1   [ RunTime:0.0180s ]
SQL: SHOW COLUMNS FROM `t_user` [ RunTime:0.0190s ]
SQL: SELECT `FUserName` FROM `t_user` WHERE `PID` = 12 LIMIT 1   [ RunTime:0.0170s ]
SQL: SELECT `FName` FROM `t_driver` WHERE `PID` = 13 LIMIT 1   [ RunTime:0.0150s ]
SQL: SELECT `FUserName` FROM `t_user` WHERE `PID` = 12 LIMIT 1   [ RunTime:0.0170s ]
SQL: SELECT `FName` FROM `t_driver` WHERE `PID` = 13 LIMIT 1   [ RunTime:0.0180s ]
SQL: SELECT `FUserName` FROM `t_user` WHERE `PID` = 12 LIMIT 1   [ RunTime:0.0160s ]
SQL: SELECT `FName` FROM `t_driver` WHERE `PID` = 13 LIMIT 1   [ RunTime:0.0180s ]
SQL: SELECT `FUserName` FROM `t_user` WHERE `PID` = 12 LIMIT 1   [ RunTime:0.0210s ]
SQL: SELECT `FName` FROM `t_driver` WHERE `PID` = 13 LIMIT 1   [ RunTime:0.0160s ]
SQL: SELECT `FUserName` FROM `t_user` WHERE `PID` = 12 LIMIT 1   [ RunTime:0.0180s ]
SQL: SELECT `FName` FROM `t_driver` WHERE `PID` = 13 LIMIT 1   [ RunTime:0.0160s ]
SQL: SELECT `FUserName` FROM `t_user` WHERE `PID` = 12 LIMIT 1   [ RunTime:0.0170s ]
SQL: SELECT `FName` FROM `t_driver` WHERE `PID` = 13 LIMIT 1   [ RunTime:0.0190s ]
SQL: SELECT `FUserName` FROM `t_user` WHERE `PID` = 12 LIMIT 1   [ RunTime:0.0240s ]
SQL: SELECT `FName` FROM `t_driver` WHERE `PID` = 13 LIMIT 1   [ RunTime:0.0170s ]
SQL: SELECT `FUserName` FROM `t_user` WHERE `PID` = 12 LIMIT 1   [ RunTime:0.0190s ]
SQL: SELECT `FName` FROM `t_driver` WHERE `PID` = 13 LIMIT 1   [ RunTime:0.0160s ]
SQL: SELECT `FUserName` FROM `t_user` WHERE `PID` = 12 LIMIT 1   [ RunTime:0.0170s ]
SQL: SELECT `FName` FROM `t_driver` WHERE `PID` = 13 LIMIT 1   [ RunTime:0.0170s ]
SQL: SELECT `FUserName` FROM `t_user` WHERE `PID` = 12 LIMIT 1   [ RunTime:0.0170s ]
SQL: SELECT `FName` FROM `t_driver` WHERE `PID` = 13 LIMIT 1   [ RunTime:0.0160s ]
SQL: SELECT `FUserName` FROM `t_user` WHERE `PID` = 12 LIMIT 1   [ RunTime:0.0160s ]
SQL: SELECT `FName` FROM `t_driver` WHERE `PID` = 13 LIMIT 1   [ RunTime:0.0690s ]
SQL: SELECT `FUserName` FROM `t_user` WHERE `PID` = 12 LIMIT 1   [ RunTime:0.0170s ]
SQL: SELECT `FName` FROM `t_driver` WHERE `PID` = 13 LIMIT 1   [ RunTime:0.0240s ]
SQL: SELECT `FUserName` FROM `t_user` WHERE `PID` = 12 LIMIT 1   [ RunTime:0.0170s ]
SQL: SELECT `FName` FROM `t_driver` WHERE `PID` = 13 LIMIT 1   [ RunTime:0.0160s ]
SQL: SELECT `FUserName` FROM `t_user` WHERE `PID` = 12 LIMIT 1   [ RunTime:0.0180s ]
SQL: SELECT `FName` FROM `t_driver` WHERE `PID` = 13 LIMIT 1   [ RunTime:0.0170s ]
SQL: SELECT `FUserName` FROM `t_user` WHERE `PID` = 12 LIMIT 1   [ RunTime:0.0180s ]
INFO: [ view_parse ] --START--
INFO: [ template_filter ] --START--
INFO: Run Behavior\ContentReplaceBehavior [ RunTime:0.000000s ]
INFO: [ template_filter ] --END-- [ RunTime:0.001000s ]
INFO: Run Behavior\ParseTemplateBehavior [ RunTime:0.024001s ]
INFO: [ view_parse ] --END-- [ RunTime:0.024001s ]
INFO: [ view_filter ] --START--
INFO: Run Behavior\WriteHtmlCacheBehavior [ RunTime:0.000000s ]
INFO: [ view_filter ] --END-- [ RunTime:0.000000s ]
INFO: [ app_end ] --START--
INFO: Run Behavior\ShowPageTraceBehavior [ RunTime:0.001000s ]
INFO: [ app_end ] --END-- [ RunTime:0.001000s ]

[ 2016-12-05T11:07:23+08:00 ] 127.0.0.1 /index.php/Home/Order/lists/p/11.html
INFO: [ app_init ] --START--
INFO: Run Behavior\BuildLiteBehavior [ RunTime:0.000000s ]
INFO: [ app_init ] --END-- [ RunTime:0.001000s ]
INFO: [ app_begin ] --START--
INFO: Run Behavior\ReadHtmlCacheBehavior [ RunTime:0.001000s ]
INFO: [ app_begin ] --END-- [ RunTime:0.001000s ]
NOTIC: [2] Invalid argument supplied for foreach() F:\phpStudy\WWW\yueche\ThinkPHP\Library\Think\Db\Driver.class.php 第 504 行.
SQL: SELECT COUNT(*) AS tp_count FROM `t_carorder` LIMIT 1   [ RunTime:0.0390s ]
NOTIC: [2] Invalid argument supplied for foreach() F:\phpStudy\WWW\yueche\ThinkPHP\Library\Think\Db\Driver.class.php 第 504 行.
SQL: SELECT * FROM `t_carorder` ORDER BY PID desc LIMIT 150,15   [ RunTime:0.0170s ]
SQL: SELECT `FName` FROM `t_driver` WHERE `PID` = 13 LIMIT 1   [ RunTime:0.0150s ]
SQL: SELECT `FUserName` FROM `t_user` WHERE `PID` = 3 LIMIT 1   [ RunTime:0.0150s ]
SQL: SELECT `FName` FROM `t_driver` WHERE `PID` = 13 LIMIT 1   [ RunTime:0.0180s ]
SQL: SELECT `FUserName` FROM `t_user` WHERE `PID` = 3 LIMIT 1   [ RunTime:0.0160s ]
SQL: SELECT `FName` FROM `t_driver` WHERE `PID` = 13 LIMIT 1   [ RunTime:0.0190s ]
SQL: SELECT `FUserName` FROM `t_user` WHERE `PID` = 3 LIMIT 1   [ RunTime:0.0170s ]
SQL: SELECT `FName` FROM `t_driver` WHERE `PID` = 13 LIMIT 1   [ RunTime:0.0150s ]
SQL: SELECT `FUserName` FROM `t_user` WHERE `PID` = 3 LIMIT 1   [ RunTime:0.0150s ]
SQL: SELECT `FName` FROM `t_driver` WHERE `PID` = 13 LIMIT 1   [ RunTime:0.0160s ]
SQL: SELECT `FUserName` FROM `t_user` WHERE `PID` = 3 LIMIT 1   [ RunTime:0.0160s ]
SQL: SELECT `FName` FROM `t_driver` WHERE `PID` = 13 LIMIT 1   [ RunTime:0.0150s ]
SQL: SELECT `FUserName` FROM `t_user` WHERE `PID` = 3 LIMIT 1   [ RunTime:0.0160s ]
SQL: SELECT `FName` FROM `t_driver` WHERE `PID` = 13 LIMIT 1   [ RunTime:0.0150s ]
SQL: SELECT `FUserName` FROM `t_user` WHERE `PID` = 3 LIMIT 1   [ RunTime:0.0150s ]
SQL: SELECT `FName` FROM `t_driver` WHERE `PID` = 13 LIMIT 1   [ RunTime:0.0160s ]
SQL: SELECT `FUserName` FROM `t_user` WHERE `PID` = 3 LIMIT 1   [ RunTime:0.0140s ]
SQL: SELECT `FName` FROM `t_driver` WHERE `PID` = 2 LIMIT 1   [ RunTime:0.0170s ]
SQL: SELECT `FUserName` FROM `t_user` WHERE `PID` = 2 LIMIT 1   [ RunTime:0.0200s ]
SQL: SELECT `FName` FROM `t_driver` WHERE `PID` = 13 LIMIT 1   [ RunTime:0.0170s ]
SQL: SELECT `FUserName` FROM `t_user` WHERE `PID` = 2 LIMIT 1   [ RunTime:0.0150s ]
SQL: SELECT `FName` FROM `t_driver` WHERE `PID` = 13 LIMIT 1   [ RunTime:0.0260s ]
SQL: SELECT `FUserName` FROM `t_user` WHERE `PID` = 2 LIMIT 1   [ RunTime:0.0160s ]
SQL: SELECT `FName` FROM `t_driver` WHERE `PID` = 13 LIMIT 1   [ RunTime:0.0160s ]
SQL: SELECT `FUserName` FROM `t_user` WHERE `PID` = 2 LIMIT 1   [ RunTime:0.0160s ]
SQL: SELECT `FName` FROM `t_driver` WHERE `PID` = 13 LIMIT 1   [ RunTime:0.0140s ]
SQL: SELECT `FUserName` FROM `t_user` WHERE `PID` = 3 LIMIT 1   [ RunTime:0.0190s ]
SQL: SELECT `FName` FROM `t_driver` WHERE `PID` = 13 LIMIT 1   [ RunTime:0.0160s ]
SQL: SELECT `FUserName` FROM `t_user` WHERE `PID` = 3 LIMIT 1   [ RunTime:0.0180s ]
SQL: SELECT `FName` FROM `t_driver` WHERE `PID` = 13 LIMIT 1   [ RunTime:0.0150s ]
SQL: SELECT `FUserName` FROM `t_user` WHERE `PID` = 3 LIMIT 1   [ RunTime:0.0160s ]
INFO: [ view_parse ] --START--
INFO: [ template_filter ] --START--
INFO: Run Behavior\ContentReplaceBehavior [ RunTime:0.000000s ]
INFO: [ template_filter ] --END-- [ RunTime:0.000000s ]
INFO: Run Behavior\ParseTemplateBehavior [ RunTime:0.022001s ]
INFO: [ view_parse ] --END-- [ RunTime:0.023001s ]
INFO: [ view_filter ] --START--
INFO: Run Behavior\WriteHtmlCacheBehavior [ RunTime:0.000000s ]
INFO: [ view_filter ] --END-- [ RunTime:0.000000s ]
INFO: [ app_end ] --START--
INFO: Run Behavior\ShowPageTraceBehavior [ RunTime:0.001001s ]
INFO: [ app_end ] --END-- [ RunTime:0.001001s ]

[ 2016-12-05T11:07:35+08:00 ] 127.0.0.1 /index.php/Home/order/del.html
INFO: [ app_init ] --START--
INFO: Run Behavior\BuildLiteBehavior [ RunTime:0.000000s ]
INFO: [ app_init ] --END-- [ RunTime:0.000000s ]
INFO: [ app_begin ] --START--
INFO: Run Behavior\ReadHtmlCacheBehavior [ RunTime:0.001000s ]
INFO: [ app_begin ] --END-- [ RunTime:0.001000s ]
SQL: DELETE FROM `t_carorder` WHERE `PID` = 39 [ RunTime:0.0360s ]

[ 2016-12-05T11:07:37+08:00 ] 127.0.0.1 /index.php/Home/Order/lists/p/11.html
INFO: [ app_init ] --START--
INFO: Run Behavior\BuildLiteBehavior [ RunTime:0.000000s ]
INFO: [ app_init ] --END-- [ RunTime:0.000000s ]
INFO: [ app_begin ] --START--
INFO: Run Behavior\ReadHtmlCacheBehavior [ RunTime:0.000000s ]
INFO: [ app_begin ] --END-- [ RunTime:0.001000s ]
NOTIC: [2] Invalid argument supplied for foreach() F:\phpStudy\WWW\yueche\ThinkPHP\Library\Think\Db\Driver.class.php 第 504 行.
SQL: SELECT COUNT(*) AS tp_count FROM `t_carorder` LIMIT 1   [ RunTime:0.0340s ]
NOTIC: [2] Invalid argument supplied for foreach() F:\phpStudy\WWW\yueche\ThinkPHP\Library\Think\Db\Driver.class.php 第 504 行.
SQL: SELECT * FROM `t_carorder` ORDER BY PID desc LIMIT 150,15   [ RunTime:0.0180s ]
SQL: SELECT `FName` FROM `t_driver` WHERE `PID` = 13 LIMIT 1   [ RunTime:0.0140s ]
SQL: SELECT `FUserName` FROM `t_user` WHERE `PID` = 3 LIMIT 1   [ RunTime:0.0160s ]
SQL: SELECT `FName` FROM `t_driver` WHERE `PID` = 13 LIMIT 1   [ RunTime:0.0170s ]
SQL: SELECT `FUserName` FROM `t_user` WHERE `PID` = 3 LIMIT 1   [ RunTime:0.0200s ]
SQL: SELECT `FName` FROM `t_driver` WHERE `PID` = 13 LIMIT 1   [ RunTime:0.0140s ]
SQL: SELECT `FUserName` FROM `t_user` WHERE `PID` = 3 LIMIT 1   [ RunTime:0.0210s ]
SQL: SELECT `FName` FROM `t_driver` WHERE `PID` = 13 LIMIT 1   [ RunTime:0.0150s ]
SQL: SELECT `FUserName` FROM `t_user` WHERE `PID` = 3 LIMIT 1   [ RunTime:0.0170s ]
SQL: SELECT `FName` FROM `t_driver` WHERE `PID` = 13 LIMIT 1   [ RunTime:0.0150s ]
SQL: SELECT `FUserName` FROM `t_user` WHERE `PID` = 3 LIMIT 1   [ RunTime:0.0160s ]
SQL: SELECT `FName` FROM `t_driver` WHERE `PID` = 13 LIMIT 1   [ RunTime:0.0150s ]
SQL: SELECT `FUserName` FROM `t_user` WHERE `PID` = 3 LIMIT 1   [ RunTime:0.0140s ]
SQL: SELECT `FName` FROM `t_driver` WHERE `PID` = 13 LIMIT 1   [ RunTime:0.0150s ]
SQL: SELECT `FUserName` FROM `t_user` WHERE `PID` = 3 LIMIT 1   [ RunTime:0.0170s ]
SQL: SELECT `FName` FROM `t_driver` WHERE `PID` = 13 LIMIT 1   [ RunTime:0.0150s ]
SQL: SELECT `FUserName` FROM `t_user` WHERE `PID` = 3 LIMIT 1   [ RunTime:0.0180s ]
SQL: SELECT `FName` FROM `t_driver` WHERE `PID` = 2 LIMIT 1   [ RunTime:0.0150s ]
SQL: SELECT `FUserName` FROM `t_user` WHERE `PID` = 2 LIMIT 1   [ RunTime:0.0140s ]
SQL: SELECT `FName` FROM `t_driver` WHERE `PID` = 13 LIMIT 1   [ RunTime:0.0160s ]
SQL: SELECT `FUserName` FROM `t_user` WHERE `PID` = 2 LIMIT 1   [ RunTime:0.0160s ]
SQL: SELECT `FName` FROM `t_driver` WHERE `PID` = 13 LIMIT 1   [ RunTime:0.0190s ]
SQL: SELECT `FUserName` FROM `t_user` WHERE `PID` = 2 LIMIT 1   [ RunTime:0.0160s ]
SQL: SELECT `FName` FROM `t_driver` WHERE `PID` = 13 LIMIT 1   [ RunTime:0.0170s ]
SQL: SELECT `FUserName` FROM `t_user` WHERE `PID` = 2 LIMIT 1   [ RunTime:0.0150s ]
SQL: SELECT `FName` FROM `t_driver` WHERE `PID` = 13 LIMIT 1   [ RunTime:0.0160s ]
SQL: SELECT `FUserName` FROM `t_user` WHERE `PID` = 3 LIMIT 1   [ RunTime:0.0150s ]
SQL: SELECT `FName` FROM `t_driver` WHERE `PID` = 13 LIMIT 1   [ RunTime:0.0180s ]
SQL: SELECT `FUserName` FROM `t_user` WHERE `PID` = 3 LIMIT 1   [ RunTime:0.0190s ]
SQL: SELECT `FName` FROM `t_driver` WHERE `PID` = 13 LIMIT 1   [ RunTime:0.0150s ]
SQL: SELECT `FUserName` FROM `t_user` WHERE `PID` = 3 LIMIT 1   [ RunTime:0.0160s ]
INFO: [ view_parse ] --START--
INFO: [ template_filter ] --START--
INFO: Run Behavior\ContentReplaceBehavior [ RunTime:0.000000s ]
INFO: [ template_filter ] --END-- [ RunTime:0.000000s ]
INFO: Run Behavior\ParseTemplateBehavior [ RunTime:0.025002s ]
INFO: [ view_parse ] --END-- [ RunTime:0.025002s ]
INFO: [ view_filter ] --START--
INFO: Run Behavior\WriteHtmlCacheBehavior [ RunTime:0.001000s ]
INFO: [ view_filter ] --END-- [ RunTime:0.001000s ]
INFO: [ app_end ] --START--
INFO: Run Behavior\ShowPageTraceBehavior [ RunTime:0.003000s ]
INFO: [ app_end ] --END-- [ RunTime:0.003000s ]

[ 2016-12-05T11:07:41+08:00 ] 127.0.0.1 /index.php/Home/order/del.html
INFO: [ app_init ] --START--
INFO: Run Behavior\BuildLiteBehavior [ RunTime:0.000000s ]
INFO: [ app_init ] --END-- [ RunTime:0.001000s ]
INFO: [ app_begin ] --START--
INFO: Run Behavior\ReadHtmlCacheBehavior [ RunTime:0.001000s ]
INFO: [ app_begin ] --END-- [ RunTime:0.001000s ]
SQL: DELETE FROM `t_carorder` WHERE `PID` = 36 [ RunTime:0.0390s ]

[ 2016-12-05T11:07:42+08:00 ] 127.0.0.1 /index.php/Home/Order/lists/p/11.html
INFO: [ app_init ] --START--
INFO: Run Behavior\BuildLiteBehavior [ RunTime:0.000000s ]
INFO: [ app_init ] --END-- [ RunTime:0.001001s ]
INFO: [ app_begin ] --START--
INFO: Run Behavior\ReadHtmlCacheBehavior [ RunTime:0.001000s ]
INFO: [ app_begin ] --END-- [ RunTime:0.001000s ]
NOTIC: [2] Invalid argument supplied for foreach() F:\phpStudy\WWW\yueche\ThinkPHP\Library\Think\Db\Driver.class.php 第 504 行.
SQL: SELECT COUNT(*) AS tp_count FROM `t_carorder` LIMIT 1   [ RunTime:0.0150s ]
NOTIC: [2] Invalid argument supplied for foreach() F:\phpStudy\WWW\yueche\ThinkPHP\Library\Think\Db\Driver.class.php 第 504 行.
SQL: SELECT * FROM `t_carorder` ORDER BY PID desc LIMIT 150,15   [ RunTime:0.0290s ]
SQL: SELECT `FName` FROM `t_driver` WHERE `PID` = 13 LIMIT 1   [ RunTime:0.0170s ]
SQL: SELECT `FUserName` FROM `t_user` WHERE `PID` = 3 LIMIT 1   [ RunTime:0.0150s ]
SQL: SELECT `FName` FROM `t_driver` WHERE `PID` = 13 LIMIT 1   [ RunTime:0.0150s ]
SQL: SELECT `FUserName` FROM `t_user` WHERE `PID` = 3 LIMIT 1   [ RunTime:0.0150s ]
SQL: SELECT `FName` FROM `t_driver` WHERE `PID` = 13 LIMIT 1   [ RunTime:0.0420s ]
SQL: SELECT `FUserName` FROM `t_user` WHERE `PID` = 3 LIMIT 1   [ RunTime:0.0290s ]
SQL: SELECT `FName` FROM `t_driver` WHERE `PID` = 13 LIMIT 1   [ RunTime:0.0160s ]
SQL: SELECT `FUserName` FROM `t_user` WHERE `PID` = 3 LIMIT 1   [ RunTime:0.0140s ]
SQL: SELECT `FName` FROM `t_driver` WHERE `PID` = 13 LIMIT 1   [ RunTime:0.0190s ]
SQL: SELECT `FUserName` FROM `t_user` WHERE `PID` = 3 LIMIT 1   [ RunTime:0.0140s ]
SQL: SELECT `FName` FROM `t_driver` WHERE `PID` = 13 LIMIT 1   [ RunTime:0.0160s ]
SQL: SELECT `FUserName` FROM `t_user` WHERE `PID` = 3 LIMIT 1   [ RunTime:0.0160s ]
SQL: SELECT `FName` FROM `t_driver` WHERE `PID` = 13 LIMIT 1   [ RunTime:0.0150s ]
SQL: SELECT `FUserName` FROM `t_user` WHERE `PID` = 3 LIMIT 1   [ RunTime:0.0150s ]
SQL: SELECT `FName` FROM `t_driver` WHERE `PID` = 13 LIMIT 1   [ RunTime:0.0150s ]
SQL: SELECT `FUserName` FROM `t_user` WHERE `PID` = 3 LIMIT 1   [ RunTime:0.0150s ]
SQL: SELECT `FName` FROM `t_driver` WHERE `PID` = 2 LIMIT 1   [ RunTime:0.0150s ]
SQL: SELECT `FUserName` FROM `t_user` WHERE `PID` = 2 LIMIT 1   [ RunTime:0.0160s ]
SQL: SELECT `FName` FROM `t_driver` WHERE `PID` = 13 LIMIT 1   [ RunTime:0.0140s ]
SQL: SELECT `FUserName` FROM `t_user` WHERE `PID` = 2 LIMIT 1   [ RunTime:0.0140s ]
SQL: SELECT `FName` FROM `t_driver` WHERE `PID` = 13 LIMIT 1   [ RunTime:0.0150s ]
SQL: SELECT `FUserName` FROM `t_user` WHERE `PID` = 2 LIMIT 1   [ RunTime:0.0160s ]
SQL: SELECT `FName` FROM `t_driver` WHERE `PID` = 13 LIMIT 1   [ RunTime:0.0140s ]
SQL: SELECT `FUserName` FROM `t_user` WHERE `PID` = 2 LIMIT 1   [ RunTime:0.0170s ]
SQL: SELECT `FName` FROM `t_driver` WHERE `PID` = 13 LIMIT 1   [ RunTime:0.0160s ]
SQL: SELECT `FUserName` FROM `t_user` WHERE `PID` = 3 LIMIT 1   [ RunTime:0.0270s ]
SQL: SELECT `FName` FROM `t_driver` WHERE `PID` = 13 LIMIT 1   [ RunTime:0.0170s ]
SQL: SELECT `FUserName` FROM `t_user` WHERE `PID` = 3 LIMIT 1   [ RunTime:0.0150s ]
SQL: SELECT `FName` FROM `t_driver` WHERE `PID` = 13 LIMIT 1   [ RunTime:0.0160s ]
SQL: SELECT `FUserName` FROM `t_user` WHERE `PID` = 3 LIMIT 1   [ RunTime:0.0140s ]
INFO: [ view_parse ] --START--
INFO: [ template_filter ] --START--
INFO: Run Behavior\ContentReplaceBehavior [ RunTime:0.000000s ]
INFO: [ template_filter ] --END-- [ RunTime:0.001000s ]
INFO: Run Behavior\ParseTemplateBehavior [ RunTime:0.026002s ]
INFO: [ view_parse ] --END-- [ RunTime:0.026002s ]
INFO: [ view_filter ] --START--
INFO: Run Behavior\WriteHtmlCacheBehavior [ RunTime:0.001000s ]
INFO: [ view_filter ] --END-- [ RunTime:0.001000s ]
INFO: [ app_end ] --START--
INFO: Run Behavior\ShowPageTraceBehavior [ RunTime:0.003000s ]
INFO: [ app_end ] --END-- [ RunTime:0.004000s ]

[ 2016-12-05T11:07:44+08:00 ] 127.0.0.1 /index.php/Home/order/del.html
INFO: [ app_init ] --START--
INFO: Run Behavior\BuildLiteBehavior [ RunTime:0.000000s ]
INFO: [ app_init ] --END-- [ RunTime:0.001001s ]
INFO: [ app_begin ] --START--
INFO: Run Behavior\ReadHtmlCacheBehavior [ RunTime:0.001000s ]
INFO: [ app_begin ] --END-- [ RunTime:0.001000s ]
SQL: DELETE FROM `t_carorder` WHERE `PID` = 35 [ RunTime:0.0360s ]

[ 2016-12-05T11:07:46+08:00 ] 127.0.0.1 /index.php/Home/Order/lists/p/11.html
INFO: [ app_init ] --START--
INFO: Run Behavior\BuildLiteBehavior [ RunTime:0.000000s ]
INFO: [ app_init ] --END-- [ RunTime:0.001000s ]
INFO: [ app_begin ] --START--
INFO: Run Behavior\ReadHtmlCacheBehavior [ RunTime:0.001000s ]
INFO: [ app_begin ] --END-- [ RunTime:0.001000s ]
NOTIC: [2] Invalid argument supplied for foreach() F:\phpStudy\WWW\yueche\ThinkPHP\Library\Think\Db\Driver.class.php 第 504 行.
SQL: SELECT COUNT(*) AS tp_count FROM `t_carorder` LIMIT 1   [ RunTime:0.0380s ]
NOTIC: [2] Invalid argument supplied for foreach() F:\phpStudy\WWW\yueche\ThinkPHP\Library\Think\Db\Driver.class.php 第 504 行.
SQL: SELECT * FROM `t_carorder` ORDER BY PID desc LIMIT 150,15   [ RunTime:0.0180s ]
SQL: SELECT `FName` FROM `t_driver` WHERE `PID` = 13 LIMIT 1   [ RunTime:0.0170s ]
SQL: SELECT `FUserName` FROM `t_user` WHERE `PID` = 3 LIMIT 1   [ RunTime:0.0180s ]
SQL: SELECT `FName` FROM `t_driver` WHERE `PID` = 13 LIMIT 1   [ RunTime:0.0170s ]
SQL: SELECT `FUserName` FROM `t_user` WHERE `PID` = 3 LIMIT 1   [ RunTime:0.0250s ]
SQL: SELECT `FName` FROM `t_driver` WHERE `PID` = 13 LIMIT 1   [ RunTime:0.0340s ]
SQL: SELECT `FUserName` FROM `t_user` WHERE `PID` = 3 LIMIT 1   [ RunTime:0.0160s ]
SQL: SELECT `FName` FROM `t_driver` WHERE `PID` = 13 LIMIT 1   [ RunTime:0.0160s ]
SQL: SELECT `FUserName` FROM `t_user` WHERE `PID` = 3 LIMIT 1   [ RunTime:0.0180s ]
SQL: SELECT `FName` FROM `t_driver` WHERE `PID` = 13 LIMIT 1   [ RunTime:0.0200s ]
SQL: SELECT `FUserName` FROM `t_user` WHERE `PID` = 3 LIMIT 1   [ RunTime:0.0560s ]
SQL: SELECT `FName` FROM `t_driver` WHERE `PID` = 13 LIMIT 1   [ RunTime:0.0290s ]
SQL: SELECT `FUserName` FROM `t_user` WHERE `PID` = 3 LIMIT 1   [ RunTime:0.0830s ]
SQL: SELECT `FName` FROM `t_driver` WHERE `PID` = 13 LIMIT 1   [ RunTime:0.0160s ]
SQL: SELECT `FUserName` FROM `t_user` WHERE `PID` = 3 LIMIT 1   [ RunTime:0.0190s ]
SQL: SELECT `FName` FROM `t_driver` WHERE `PID` = 13 LIMIT 1   [ RunTime:0.0180s ]
SQL: SELECT `FUserName` FROM `t_user` WHERE `PID` = 3 LIMIT 1   [ RunTime:0.0170s ]
SQL: SELECT `FName` FROM `t_driver` WHERE `PID` = 2 LIMIT 1   [ RunTime:0.0190s ]
SQL: SELECT `FUserName` FROM `t_user` WHERE `PID` = 2 LIMIT 1   [ RunTime:0.0160s ]
SQL: SELECT `FName` FROM `t_driver` WHERE `PID` = 13 LIMIT 1   [ RunTime:0.0190s ]
SQL: SELECT `FUserName` FROM `t_user` WHERE `PID` = 2 LIMIT 1   [ RunTime:0.0170s ]
SQL: SELECT `FName` FROM `t_driver` WHERE `PID` = 13 LIMIT 1   [ RunTime:0.0200s ]
SQL: SELECT `FUserName` FROM `t_user` WHERE `PID` = 2 LIMIT 1   [ RunTime:0.0170s ]
SQL: SELECT `FName` FROM `t_driver` WHERE `PID` = 13 LIMIT 1   [ RunTime:0.0170s ]
SQL: SELECT `FUserName` FROM `t_user` WHERE `PID` = 2 LIMIT 1   [ RunTime:0.0160s ]
SQL: SELECT `FName` FROM `t_driver` WHERE `PID` = 13 LIMIT 1   [ RunTime:0.0160s ]
SQL: SELECT `FUserName` FROM `t_user` WHERE `PID` = 3 LIMIT 1   [ RunTime:0.0160s ]
SQL: SELECT `FName` FROM `t_driver` WHERE `PID` = 13 LIMIT 1   [ RunTime:0.0170s ]
SQL: SELECT `FUserName` FROM `t_user` WHERE `PID` = 3 LIMIT 1   [ RunTime:0.0160s ]
SQL: SELECT `FName` FROM `t_driver` WHERE `PID` = 13 LIMIT 1   [ RunTime:0.0180s ]
SQL: SELECT `FUserName` FROM `t_user` WHERE `PID` = 3 LIMIT 1   [ RunTime:0.0180s ]
INFO: [ view_parse ] --START--
INFO: [ template_filter ] --START--
INFO: Run Behavior\ContentReplaceBehavior [ RunTime:0.000000s ]
INFO: [ template_filter ] --END-- [ RunTime:0.000000s ]
INFO: Run Behavior\ParseTemplateBehavior [ RunTime:0.022001s ]
INFO: [ view_parse ] --END-- [ RunTime:0.022001s ]
INFO: [ view_filter ] --START--
INFO: Run Behavior\WriteHtmlCacheBehavior [ RunTime:0.001000s ]
INFO: [ view_filter ] --END-- [ RunTime:0.001000s ]
INFO: [ app_end ] --START--
INFO: Run Behavior\ShowPageTraceBehavior [ RunTime:0.001001s ]
INFO: [ app_end ] --END-- [ RunTime:0.001001s ]

[ 2016-12-05T11:07:49+08:00 ] 127.0.0.1 /index.php/Home/order/del.html
INFO: [ app_init ] --START--
INFO: Run Behavior\BuildLiteBehavior [ RunTime:0.000000s ]
INFO: [ app_init ] --END-- [ RunTime:0.000000s ]
INFO: [ app_begin ] --START--
INFO: Run Behavior\ReadHtmlCacheBehavior [ RunTime:0.002000s ]
INFO: [ app_begin ] --END-- [ RunTime:0.002000s ]
SQL: DELETE FROM `t_carorder` WHERE `PID` = 34 [ RunTime:0.0340s ]

[ 2016-12-05T11:07:50+08:00 ] 127.0.0.1 /index.php/Home/Order/lists/p/11.html
INFO: [ app_init ] --START--
INFO: Run Behavior\BuildLiteBehavior [ RunTime:0.000000s ]
INFO: [ app_init ] --END-- [ RunTime:0.001000s ]
INFO: [ app_begin ] --START--
INFO: Run Behavior\ReadHtmlCacheBehavior [ RunTime:0.001000s ]
INFO: [ app_begin ] --END-- [ RunTime:0.001000s ]
NOTIC: [2] Invalid argument supplied for foreach() F:\phpStudy\WWW\yueche\ThinkPHP\Library\Think\Db\Driver.class.php 第 504 行.
SQL: SELECT COUNT(*) AS tp_count FROM `t_carorder` LIMIT 1   [ RunTime:0.0370s ]
NOTIC: [2] Invalid argument supplied for foreach() F:\phpStudy\WWW\yueche\ThinkPHP\Library\Think\Db\Driver.class.php 第 504 行.
SQL: SELECT * FROM `t_carorder` ORDER BY PID desc LIMIT 150,15   [ RunTime:0.0200s ]
SQL: SELECT `FName` FROM `t_driver` WHERE `PID` = 13 LIMIT 1   [ RunTime:0.0170s ]
SQL: SELECT `FUserName` FROM `t_user` WHERE `PID` = 3 LIMIT 1   [ RunTime:0.0190s ]
SQL: SELECT `FName` FROM `t_driver` WHERE `PID` = 13 LIMIT 1   [ RunTime:0.0180s ]
SQL: SELECT `FUserName` FROM `t_user` WHERE `PID` = 3 LIMIT 1   [ RunTime:0.0170s ]
SQL: SELECT `FName` FROM `t_driver` WHERE `PID` = 13 LIMIT 1   [ RunTime:0.0180s ]
SQL: SELECT `FUserName` FROM `t_user` WHERE `PID` = 3 LIMIT 1   [ RunTime:0.0190s ]
SQL: SELECT `FName` FROM `t_driver` WHERE `PID` = 13 LIMIT 1   [ RunTime:0.0170s ]
SQL: SELECT `FUserName` FROM `t_user` WHERE `PID` = 3 LIMIT 1   [ RunTime:0.0160s ]
SQL: SELECT `FName` FROM `t_driver` WHERE `PID` = 13 LIMIT 1   [ RunTime:0.0200s ]
SQL: SELECT `FUserName` FROM `t_user` WHERE `PID` = 3 LIMIT 1   [ RunTime:0.0190s ]
SQL: SELECT `FName` FROM `t_driver` WHERE `PID` = 13 LIMIT 1   [ RunTime:0.0200s ]
SQL: SELECT `FUserName` FROM `t_user` WHERE `PID` = 3 LIMIT 1   [ RunTime:0.0180s ]
SQL: SELECT `FName` FROM `t_driver` WHERE `PID` = 13 LIMIT 1   [ RunTime:0.0170s ]
SQL: SELECT `FUserName` FROM `t_user` WHERE `PID` = 3 LIMIT 1   [ RunTime:0.0160s ]
SQL: SELECT `FName` FROM `t_driver` WHERE `PID` = 13 LIMIT 1   [ RunTime:0.0170s ]
SQL: SELECT `FUserName` FROM `t_user` WHERE `PID` = 3 LIMIT 1   [ RunTime:0.0190s ]
SQL: SELECT `FName` FROM `t_driver` WHERE `PID` = 2 LIMIT 1   [ RunTime:0.0180s ]
SQL: SELECT `FUserName` FROM `t_user` WHERE `PID` = 2 LIMIT 1   [ RunTime:0.0190s ]
SQL: SELECT `FName` FROM `t_driver` WHERE `PID` = 13 LIMIT 1   [ RunTime:0.0200s ]
SQL: SELECT `FUserName` FROM `t_user` WHERE `PID` = 2 LIMIT 1   [ RunTime:0.0220s ]
SQL: SELECT `FName` FROM `t_driver` WHERE `PID` = 13 LIMIT 1   [ RunTime:0.0190s ]
SQL: SELECT `FUserName` FROM `t_user` WHERE `PID` = 2 LIMIT 1   [ RunTime:0.0170s ]
SQL: SELECT `FName` FROM `t_driver` WHERE `PID` = 13 LIMIT 1   [ RunTime:0.0170s ]
SQL: SELECT `FUserName` FROM `t_user` WHERE `PID` = 2 LIMIT 1   [ RunTime:0.0170s ]
SQL: SELECT `FName` FROM `t_driver` WHERE `PID` = 13 LIMIT 1   [ RunTime:0.0260s ]
SQL: SELECT `FUserName` FROM `t_user` WHERE `PID` = 3 LIMIT 1   [ RunTime:0.0170s ]
SQL: SELECT `FName` FROM `t_driver` WHERE `PID` = 13 LIMIT 1   [ RunTime:0.0200s ]
SQL: SELECT `FUserName` FROM `t_user` WHERE `PID` = 3 LIMIT 1   [ RunTime:0.0180s ]
SQL: SELECT `FName` FROM `t_driver` WHERE `PID` = 13 LIMIT 1   [ RunTime:0.0200s ]
SQL: SELECT `FUserName` FROM `t_user` WHERE `PID` = 3 LIMIT 1   [ RunTime:0.0250s ]
INFO: [ view_parse ] --START--
INFO: [ template_filter ] --START--
INFO: Run Behavior\ContentReplaceBehavior [ RunTime:0.000000s ]
INFO: [ template_filter ] --END-- [ RunTime:0.000000s ]
INFO: Run Behavior\ParseTemplateBehavior [ RunTime:0.024002s ]
INFO: [ view_parse ] --END-- [ RunTime:0.024002s ]
INFO: [ view_filter ] --START--
INFO: Run Behavior\WriteHtmlCacheBehavior [ RunTime:0.001000s ]
INFO: [ view_filter ] --END-- [ RunTime:0.002000s ]
INFO: [ app_end ] --START--
INFO: Run Behavior\ShowPageTraceBehavior [ RunTime:0.002000s ]
INFO: [ app_end ] --END-- [ RunTime:0.003000s ]

[ 2016-12-05T11:07:53+08:00 ] 127.0.0.1 /index.php/Home/order/del.html
INFO: [ app_init ] --START--
INFO: Run Behavior\BuildLiteBehavior [ RunTime:0.000000s ]
INFO: [ app_init ] --END-- [ RunTime:0.000000s ]
INFO: [ app_begin ] --START--
INFO: Run Behavior\ReadHtmlCacheBehavior [ RunTime:0.000000s ]
INFO: [ app_begin ] --END-- [ RunTime:0.001000s ]
SQL: DELETE FROM `t_carorder` WHERE `PID` = 33 [ RunTime:0.0350s ]

[ 2016-12-05T11:07:54+08:00 ] 127.0.0.1 /index.php/Home/Order/lists/p/11.html
INFO: [ app_init ] --START--
INFO: Run Behavior\BuildLiteBehavior [ RunTime:0.000000s ]
INFO: [ app_init ] --END-- [ RunTime:0.001000s ]
INFO: [ app_begin ] --START--
INFO: Run Behavior\ReadHtmlCacheBehavior [ RunTime:0.001000s ]
INFO: [ app_begin ] --END-- [ RunTime:0.001000s ]
NOTIC: [2] Invalid argument supplied for foreach() F:\phpStudy\WWW\yueche\ThinkPHP\Library\Think\Db\Driver.class.php 第 504 行.
SQL: SELECT COUNT(*) AS tp_count FROM `t_carorder` LIMIT 1   [ RunTime:0.0410s ]
NOTIC: [2] Invalid argument supplied for foreach() F:\phpStudy\WWW\yueche\ThinkPHP\Library\Think\Db\Driver.class.php 第 504 行.
SQL: SELECT * FROM `t_carorder` ORDER BY PID desc LIMIT 150,15   [ RunTime:0.0200s ]
SQL: SELECT `FName` FROM `t_driver` WHERE `PID` = 13 LIMIT 1   [ RunTime:0.0180s ]
SQL: SELECT `FUserName` FROM `t_user` WHERE `PID` = 3 LIMIT 1   [ RunTime:0.0190s ]
SQL: SELECT `FName` FROM `t_driver` WHERE `PID` = 13 LIMIT 1   [ RunTime:0.0270s ]
SQL: SELECT `FUserName` FROM `t_user` WHERE `PID` = 3 LIMIT 1   [ RunTime:0.0420s ]
SQL: SELECT `FName` FROM `t_driver` WHERE `PID` = 13 LIMIT 1   [ RunTime:0.0160s ]
SQL: SELECT `FUserName` FROM `t_user` WHERE `PID` = 3 LIMIT 1   [ RunTime:0.0170s ]
SQL: SELECT `FName` FROM `t_driver` WHERE `PID` = 13 LIMIT 1   [ RunTime:0.0240s ]
SQL: SELECT `FUserName` FROM `t_user` WHERE `PID` = 3 LIMIT 1   [ RunTime:0.0430s ]
SQL: SELECT `FName` FROM `t_driver` WHERE `PID` = 13 LIMIT 1   [ RunTime:0.0180s ]
SQL: SELECT `FUserName` FROM `t_user` WHERE `PID` = 3 LIMIT 1   [ RunTime:0.0170s ]
SQL: SELECT `FName` FROM `t_driver` WHERE `PID` = 13 LIMIT 1   [ RunTime:0.0190s ]
SQL: SELECT `FUserName` FROM `t_user` WHERE `PID` = 3 LIMIT 1   [ RunTime:0.0170s ]
SQL: SELECT `FName` FROM `t_driver` WHERE `PID` = 13 LIMIT 1   [ RunTime:0.0180s ]
SQL: SELECT `FUserName` FROM `t_user` WHERE `PID` = 3 LIMIT 1   [ RunTime:0.0160s ]
SQL: SELECT `FName` FROM `t_driver` WHERE `PID` = 13 LIMIT 1   [ RunTime:0.0170s ]
SQL: SELECT `FUserName` FROM `t_user` WHERE `PID` = 3 LIMIT 1   [ RunTime:0.0310s ]
SQL: SELECT `FName` FROM `t_driver` WHERE `PID` = 2 LIMIT 1   [ RunTime:0.0190s ]
SQL: SELECT `FUserName` FROM `t_user` WHERE `PID` = 2 LIMIT 1   [ RunTime:0.0160s ]
SQL: SELECT `FName` FROM `t_driver` WHERE `PID` = 13 LIMIT 1   [ RunTime:0.0290s ]
SQL: SELECT `FUserName` FROM `t_user` WHERE `PID` = 2 LIMIT 1   [ RunTime:0.0270s ]
SQL: SELECT `FName` FROM `t_driver` WHERE `PID` = 13 LIMIT 1   [ RunTime:0.0160s ]
SQL: SELECT `FUserName` FROM `t_user` WHERE `PID` = 2 LIMIT 1   [ RunTime:0.0170s ]
SQL: SELECT `FName` FROM `t_driver` WHERE `PID` = 13 LIMIT 1   [ RunTime:0.0230s ]
SQL: SELECT `FUserName` FROM `t_user` WHERE `PID` = 2 LIMIT 1   [ RunTime:0.0190s ]
SQL: SELECT `FName` FROM `t_driver` WHERE `PID` = 13 LIMIT 1   [ RunTime:0.0160s ]
SQL: SELECT `FUserName` FROM `t_user` WHERE `PID` = 3 LIMIT 1   [ RunTime:0.0180s ]
SQL: SELECT `FName` FROM `t_driver` WHERE `PID` = 13 LIMIT 1   [ RunTime:0.0180s ]
SQL: SELECT `FUserName` FROM `t_user` WHERE `PID` = 3 LIMIT 1   [ RunTime:0.0190s ]
SQL: SELECT `FName` FROM `t_driver` WHERE `PID` = 13 LIMIT 1   [ RunTime:0.0180s ]
SQL: SELECT `FUserName` FROM `t_user` WHERE `PID` = 3 LIMIT 1   [ RunTime:0.0180s ]
INFO: [ view_parse ] --START--
INFO: [ template_filter ] --START--
INFO: Run Behavior\ContentReplaceBehavior [ RunTime:0.000000s ]
INFO: [ template_filter ] --END-- [ RunTime:0.000000s ]
INFO: Run Behavior\ParseTemplateBehavior [ RunTime:0.024002s ]
INFO: [ view_parse ] --END-- [ RunTime:0.025002s ]
INFO: [ view_filter ] --START--
INFO: Run Behavior\WriteHtmlCacheBehavior [ RunTime:0.001000s ]
INFO: [ view_filter ] --END-- [ RunTime:0.001000s ]
INFO: [ app_end ] --START--
INFO: Run Behavior\ShowPageTraceBehavior [ RunTime:0.001000s ]
INFO: [ app_end ] --END-- [ RunTime:0.001000s ]

[ 2016-12-05T11:08:20+08:00 ] 127.0.0.1 /index.php/Home/order/del.html
INFO: [ app_init ] --START--
INFO: Run Behavior\BuildLiteBehavior [ RunTime:0.000000s ]
INFO: [ app_init ] --END-- [ RunTime:0.001000s ]
INFO: [ app_begin ] --START--
INFO: Run Behavior\ReadHtmlCacheBehavior [ RunTime:0.000000s ]
INFO: [ app_begin ] --END-- [ RunTime:0.001000s ]
SQL: DELETE FROM `t_carorder` WHERE `PID` = 32 [ RunTime:0.0350s ]

[ 2016-12-05T11:08:22+08:00 ] 127.0.0.1 /index.php/Home/Order/lists/p/11.html
INFO: [ app_init ] --START--
INFO: Run Behavior\BuildLiteBehavior [ RunTime:0.000000s ]
INFO: [ app_init ] --END-- [ RunTime:0.001000s ]
INFO: [ app_begin ] --START--
INFO: Run Behavior\ReadHtmlCacheBehavior [ RunTime:0.001000s ]
INFO: [ app_begin ] --END-- [ RunTime:0.001000s ]
NOTIC: [2] Invalid argument supplied for foreach() F:\phpStudy\WWW\yueche\ThinkPHP\Library\Think\Db\Driver.class.php 第 504 行.
SQL: SELECT COUNT(*) AS tp_count FROM `t_carorder` LIMIT 1   [ RunTime:0.0330s ]
NOTIC: [2] Invalid argument supplied for foreach() F:\phpStudy\WWW\yueche\ThinkPHP\Library\Think\Db\Driver.class.php 第 504 行.
SQL: SELECT * FROM `t_carorder` ORDER BY PID desc LIMIT 150,15   [ RunTime:0.0150s ]
SQL: SELECT `FName` FROM `t_driver` WHERE `PID` = 13 LIMIT 1   [ RunTime:0.0200s ]
SQL: SELECT `FUserName` FROM `t_user` WHERE `PID` = 3 LIMIT 1   [ RunTime:0.0140s ]
SQL: SELECT `FName` FROM `t_driver` WHERE `PID` = 13 LIMIT 1   [ RunTime:0.0170s ]
SQL: SELECT `FUserName` FROM `t_user` WHERE `PID` = 3 LIMIT 1   [ RunTime:0.0140s ]
SQL: SELECT `FName` FROM `t_driver` WHERE `PID` = 13 LIMIT 1   [ RunTime:0.0160s ]
SQL: SELECT `FUserName` FROM `t_user` WHERE `PID` = 3 LIMIT 1   [ RunTime:0.0140s ]
SQL: SELECT `FName` FROM `t_driver` WHERE `PID` = 13 LIMIT 1   [ RunTime:0.0150s ]
SQL: SELECT `FUserName` FROM `t_user` WHERE `PID` = 3 LIMIT 1   [ RunTime:0.0300s ]
SQL: SELECT `FName` FROM `t_driver` WHERE `PID` = 13 LIMIT 1   [ RunTime:0.0130s ]
SQL: SELECT `FUserName` FROM `t_user` WHERE `PID` = 3 LIMIT 1   [ RunTime:0.0170s ]
SQL: SELECT `FName` FROM `t_driver` WHERE `PID` = 13 LIMIT 1   [ RunTime:0.0140s ]
SQL: SELECT `FUserName` FROM `t_user` WHERE `PID` = 3 LIMIT 1   [ RunTime:0.0210s ]
SQL: SELECT `FName` FROM `t_driver` WHERE `PID` = 13 LIMIT 1   [ RunTime:0.0160s ]
SQL: SELECT `FUserName` FROM `t_user` WHERE `PID` = 3 LIMIT 1   [ RunTime:0.0170s ]
SQL: SELECT `FName` FROM `t_driver` WHERE `PID` = 13 LIMIT 1   [ RunTime:0.0140s ]
SQL: SELECT `FUserName` FROM `t_user` WHERE `PID` = 3 LIMIT 1   [ RunTime:0.0170s ]
SQL: SELECT `FName` FROM `t_driver` WHERE `PID` = 2 LIMIT 1   [ RunTime:0.0150s ]
SQL: SELECT `FUserName` FROM `t_user` WHERE `PID` = 2 LIMIT 1   [ RunTime:0.0160s ]
SQL: SELECT `FName` FROM `t_driver` WHERE `PID` = 13 LIMIT 1   [ RunTime:0.0160s ]
SQL: SELECT `FUserName` FROM `t_user` WHERE `PID` = 2 LIMIT 1   [ RunTime:0.0150s ]
SQL: SELECT `FName` FROM `t_driver` WHERE `PID` = 13 LIMIT 1   [ RunTime:0.0180s ]
SQL: SELECT `FUserName` FROM `t_user` WHERE `PID` = 2 LIMIT 1   [ RunTime:0.0150s ]
SQL: SELECT `FName` FROM `t_driver` WHERE `PID` = 13 LIMIT 1   [ RunTime:0.0450s ]
SQL: SELECT `FUserName` FROM `t_user` WHERE `PID` = 2 LIMIT 1   [ RunTime:0.0220s ]
SQL: SELECT `FName` FROM `t_driver` WHERE `PID` = 13 LIMIT 1   [ RunTime:0.0150s ]
SQL: SELECT `FUserName` FROM `t_user` WHERE `PID` = 3 LIMIT 1   [ RunTime:0.0160s ]
SQL: SELECT `FName` FROM `t_driver` WHERE `PID` = 13 LIMIT 1   [ RunTime:0.0170s ]
SQL: SELECT `FUserName` FROM `t_user` WHERE `PID` = 3 LIMIT 1   [ RunTime:0.0150s ]
SQL: SELECT `FName` FROM `t_driver` WHERE `PID` = 2 LIMIT 1   [ RunTime:0.0150s ]
SQL: SELECT `FUserName` FROM `t_user` WHERE `PID` = 2 LIMIT 1   [ RunTime:0.0180s ]
INFO: [ view_parse ] --START--
INFO: [ template_filter ] --START--
INFO: Run Behavior\ContentReplaceBehavior [ RunTime:0.000000s ]
INFO: [ template_filter ] --END-- [ RunTime:0.000000s ]
INFO: Run Behavior\ParseTemplateBehavior [ RunTime:0.018001s ]
INFO: [ view_parse ] --END-- [ RunTime:0.019001s ]
INFO: [ view_filter ] --START--
INFO: Run Behavior\WriteHtmlCacheBehavior [ RunTime:0.001000s ]
INFO: [ view_filter ] --END-- [ RunTime:0.001000s ]
INFO: [ app_end ] --START--
INFO: Run Behavior\ShowPageTraceBehavior [ RunTime:0.001000s ]
INFO: [ app_end ] --END-- [ RunTime:0.002000s ]

[ 2016-12-05T11:08:25+08:00 ] 127.0.0.1 /index.php/Home/order/del.html
INFO: [ app_init ] --START--
INFO: Run Behavior\BuildLiteBehavior [ RunTime:0.000000s ]
INFO: [ app_init ] --END-- [ RunTime:0.001000s ]
INFO: [ app_begin ] --START--
INFO: Run Behavior\ReadHtmlCacheBehavior [ RunTime:0.001000s ]
INFO: [ app_begin ] --END-- [ RunTime:0.001000s ]
SQL: DELETE FROM `t_carorder` WHERE `PID` = 38 [ RunTime:0.0430s ]

[ 2016-12-05T11:08:27+08:00 ] 127.0.0.1 /index.php/Home/Order/lists/p/11.html
INFO: [ app_init ] --START--
INFO: Run Behavior\BuildLiteBehavior [ RunTime:0.000000s ]
INFO: [ app_init ] --END-- [ RunTime:0.001000s ]
INFO: [ app_begin ] --START--
INFO: Run Behavior\ReadHtmlCacheBehavior [ RunTime:0.001000s ]
INFO: [ app_begin ] --END-- [ RunTime:0.001000s ]
NOTIC: [2] Invalid argument supplied for foreach() F:\phpStudy\WWW\yueche\ThinkPHP\Library\Think\Db\Driver.class.php 第 504 行.
SQL: SELECT COUNT(*) AS tp_count FROM `t_carorder` LIMIT 1   [ RunTime:0.0340s ]
NOTIC: [2] Invalid argument supplied for foreach() F:\phpStudy\WWW\yueche\ThinkPHP\Library\Think\Db\Driver.class.php 第 504 行.
SQL: SELECT * FROM `t_carorder` ORDER BY PID desc LIMIT 150,15   [ RunTime:0.0230s ]
SQL: SELECT `FName` FROM `t_driver` WHERE `PID` = 13 LIMIT 1   [ RunTime:0.0160s ]
SQL: SELECT `FUserName` FROM `t_user` WHERE `PID` = 3 LIMIT 1   [ RunTime:0.0810s ]
SQL: SELECT `FName` FROM `t_driver` WHERE `PID` = 13 LIMIT 1   [ RunTime:0.0170s ]
SQL: SELECT `FUserName` FROM `t_user` WHERE `PID` = 3 LIMIT 1   [ RunTime:0.0320s ]
SQL: SELECT `FName` FROM `t_driver` WHERE `PID` = 13 LIMIT 1   [ RunTime:0.0590s ]
SQL: SELECT `FUserName` FROM `t_user` WHERE `PID` = 3 LIMIT 1   [ RunTime:0.0650s ]
SQL: SELECT `FName` FROM `t_driver` WHERE `PID` = 13 LIMIT 1   [ RunTime:0.0160s ]
SQL: SELECT `FUserName` FROM `t_user` WHERE `PID` = 3 LIMIT 1   [ RunTime:0.0170s ]
SQL: SELECT `FName` FROM `t_driver` WHERE `PID` = 13 LIMIT 1   [ RunTime:0.0170s ]
SQL: SELECT `FUserName` FROM `t_user` WHERE `PID` = 3 LIMIT 1   [ RunTime:0.0240s ]
SQL: SELECT `FName` FROM `t_driver` WHERE `PID` = 13 LIMIT 1   [ RunTime:0.0150s ]
SQL: SELECT `FUserName` FROM `t_user` WHERE `PID` = 3 LIMIT 1   [ RunTime:0.0180s ]
SQL: SELECT `FName` FROM `t_driver` WHERE `PID` = 13 LIMIT 1   [ RunTime:0.0150s ]
SQL: SELECT `FUserName` FROM `t_user` WHERE `PID` = 3 LIMIT 1   [ RunTime:0.0170s ]
SQL: SELECT `FName` FROM `t_driver` WHERE `PID` = 13 LIMIT 1   [ RunTime:0.0170s ]
SQL: SELECT `FUserName` FROM `t_user` WHERE `PID` = 3 LIMIT 1   [ RunTime:0.0150s ]
SQL: SELECT `FName` FROM `t_driver` WHERE `PID` = 2 LIMIT 1   [ RunTime:0.0150s ]
SQL: SELECT `FUserName` FROM `t_user` WHERE `PID` = 2 LIMIT 1   [ RunTime:0.0180s ]
SQL: SELECT `FName` FROM `t_driver` WHERE `PID` = 13 LIMIT 1   [ RunTime:0.0180s ]
SQL: SELECT `FUserName` FROM `t_user` WHERE `PID` = 2 LIMIT 1   [ RunTime:0.0170s ]
SQL: SELECT `FName` FROM `t_driver` WHERE `PID` = 13 LIMIT 1   [ RunTime:0.0160s ]
SQL: SELECT `FUserName` FROM `t_user` WHERE `PID` = 2 LIMIT 1   [ RunTime:0.0180s ]
SQL: SELECT `FName` FROM `t_driver` WHERE `PID` = 13 LIMIT 1   [ RunTime:0.0160s ]
SQL: SELECT `FUserName` FROM `t_user` WHERE `PID` = 2 LIMIT 1   [ RunTime:0.0170s ]
SQL: SELECT `FName` FROM `t_driver` WHERE `PID` = 13 LIMIT 1   [ RunTime:0.0260s ]
SQL: SELECT `FUserName` FROM `t_user` WHERE `PID` = 3 LIMIT 1   [ RunTime:0.0190s ]
SQL: SELECT `FName` FROM `t_driver` WHERE `PID` = 2 LIMIT 1   [ RunTime:0.0320s ]
SQL: SELECT `FUserName` FROM `t_user` WHERE `PID` = 2 LIMIT 1   [ RunTime:0.0150s ]
SQL: SELECT `FName` FROM `t_driver` WHERE `PID` = 2 LIMIT 1   [ RunTime:0.0150s ]
SQL: SELECT `FUserName` FROM `t_user` WHERE `PID` = 2 LIMIT 1   [ RunTime:0.0140s ]
INFO: [ view_parse ] --START--
INFO: [ template_filter ] --START--
INFO: Run Behavior\ContentReplaceBehavior [ RunTime:0.000000s ]
INFO: [ template_filter ] --END-- [ RunTime:0.000000s ]
INFO: Run Behavior\ParseTemplateBehavior [ RunTime:0.021002s ]
INFO: [ view_parse ] --END-- [ RunTime:0.021002s ]
INFO: [ view_filter ] --START--
INFO: Run Behavior\WriteHtmlCacheBehavior [ RunTime:0.001000s ]
INFO: [ view_filter ] --END-- [ RunTime:0.001000s ]
INFO: [ app_end ] --START--
INFO: Run Behavior\ShowPageTraceBehavior [ RunTime:0.001000s ]
INFO: [ app_end ] --END-- [ RunTime:0.001000s ]

[ 2016-12-05T11:08:30+08:00 ] 127.0.0.1 /index.php/Home/order/del.html
INFO: [ app_init ] --START--
INFO: Run Behavior\BuildLiteBehavior [ RunTime:0.000000s ]
INFO: [ app_init ] --END-- [ RunTime:0.001000s ]
INFO: [ app_begin ] --START--
INFO: Run Behavior\ReadHtmlCacheBehavior [ RunTime:0.001000s ]
INFO: [ app_begin ] --END-- [ RunTime:0.001000s ]
SQL: DELETE FROM `t_carorder` WHERE `PID` = 37 [ RunTime:0.0400s ]

[ 2016-12-05T11:08:31+08:00 ] 127.0.0.1 /index.php/Home/Order/lists/p/11.html
INFO: [ app_init ] --START--
INFO: Run Behavior\BuildLiteBehavior [ RunTime:0.000000s ]
INFO: [ app_init ] --END-- [ RunTime:0.000000s ]
INFO: [ app_begin ] --START--
INFO: Run Behavior\ReadHtmlCacheBehavior [ RunTime:0.000000s ]
INFO: [ app_begin ] --END-- [ RunTime:0.000000s ]
NOTIC: [2] Invalid argument supplied for foreach() F:\phpStudy\WWW\yueche\ThinkPHP\Library\Think\Db\Driver.class.php 第 504 行.
SQL: SELECT COUNT(*) AS tp_count FROM `t_carorder` LIMIT 1   [ RunTime:0.0360s ]
NOTIC: [2] Invalid argument supplied for foreach() F:\phpStudy\WWW\yueche\ThinkPHP\Library\Think\Db\Driver.class.php 第 504 行.
SQL: SELECT * FROM `t_carorder` ORDER BY PID desc LIMIT 150,15   [ RunTime:0.0240s ]
SQL: SELECT `FName` FROM `t_driver` WHERE `PID` = 13 LIMIT 1   [ RunTime:0.0160s ]
SQL: SELECT `FUserName` FROM `t_user` WHERE `PID` = 3 LIMIT 1   [ RunTime:0.0150s ]
SQL: SELECT `FName` FROM `t_driver` WHERE `PID` = 13 LIMIT 1   [ RunTime:0.0170s ]
SQL: SELECT `FUserName` FROM `t_user` WHERE `PID` = 3 LIMIT 1   [ RunTime:0.0150s ]
SQL: SELECT `FName` FROM `t_driver` WHERE `PID` = 13 LIMIT 1   [ RunTime:0.0160s ]
SQL: SELECT `FUserName` FROM `t_user` WHERE `PID` = 3 LIMIT 1   [ RunTime:0.0150s ]
SQL: SELECT `FName` FROM `t_driver` WHERE `PID` = 13 LIMIT 1   [ RunTime:0.0160s ]
SQL: SELECT `FUserName` FROM `t_user` WHERE `PID` = 3 LIMIT 1   [ RunTime:0.0170s ]
SQL: SELECT `FName` FROM `t_driver` WHERE `PID` = 13 LIMIT 1   [ RunTime:0.0240s ]
SQL: SELECT `FUserName` FROM `t_user` WHERE `PID` = 3 LIMIT 1   [ RunTime:0.0230s ]
SQL: SELECT `FName` FROM `t_driver` WHERE `PID` = 13 LIMIT 1   [ RunTime:0.0180s ]
SQL: SELECT `FUserName` FROM `t_user` WHERE `PID` = 3 LIMIT 1   [ RunTime:0.0190s ]
SQL: SELECT `FName` FROM `t_driver` WHERE `PID` = 13 LIMIT 1   [ RunTime:0.0170s ]
SQL: SELECT `FUserName` FROM `t_user` WHERE `PID` = 3 LIMIT 1   [ RunTime:0.0270s ]
SQL: SELECT `FName` FROM `t_driver` WHERE `PID` = 13 LIMIT 1   [ RunTime:0.0150s ]
SQL: SELECT `FUserName` FROM `t_user` WHERE `PID` = 3 LIMIT 1   [ RunTime:0.0150s ]
SQL: SELECT `FName` FROM `t_driver` WHERE `PID` = 2 LIMIT 1   [ RunTime:0.0170s ]
SQL: SELECT `FUserName` FROM `t_user` WHERE `PID` = 2 LIMIT 1   [ RunTime:0.0180s ]
SQL: SELECT `FName` FROM `t_driver` WHERE `PID` = 13 LIMIT 1   [ RunTime:0.0160s ]
SQL: SELECT `FUserName` FROM `t_user` WHERE `PID` = 2 LIMIT 1   [ RunTime:0.0150s ]
SQL: SELECT `FName` FROM `t_driver` WHERE `PID` = 13 LIMIT 1   [ RunTime:0.0160s ]
SQL: SELECT `FUserName` FROM `t_user` WHERE `PID` = 2 LIMIT 1   [ RunTime:0.0150s ]
SQL: SELECT `FName` FROM `t_driver` WHERE `PID` = 13 LIMIT 1   [ RunTime:0.0180s ]
SQL: SELECT `FUserName` FROM `t_user` WHERE `PID` = 2 LIMIT 1   [ RunTime:0.0230s ]
SQL: SELECT `FName` FROM `t_driver` WHERE `PID` = 2 LIMIT 1   [ RunTime:0.0180s ]
SQL: SELECT `FUserName` FROM `t_user` WHERE `PID` = 2 LIMIT 1   [ RunTime:0.0170s ]
SQL: SELECT `FName` FROM `t_driver` WHERE `PID` = 2 LIMIT 1   [ RunTime:0.0150s ]
SQL: SELECT `FUserName` FROM `t_user` WHERE `PID` = 2 LIMIT 1   [ RunTime:0.0160s ]
SQL: SELECT `FName` FROM `t_driver` WHERE `PID` = 2 LIMIT 1   [ RunTime:0.0170s ]
SQL: SELECT `FUserName` FROM `t_user` WHERE `PID` = 2 LIMIT 1   [ RunTime:0.0160s ]
INFO: [ view_parse ] --START--
INFO: [ template_filter ] --START--
INFO: Run Behavior\ContentReplaceBehavior [ RunTime:0.001000s ]
INFO: [ template_filter ] --END-- [ RunTime:0.001000s ]
INFO: Run Behavior\ParseTemplateBehavior [ RunTime:0.025001s ]
INFO: [ view_parse ] --END-- [ RunTime:0.025001s ]
INFO: [ view_filter ] --START--
INFO: Run Behavior\WriteHtmlCacheBehavior [ RunTime:0.001000s ]
INFO: [ view_filter ] --END-- [ RunTime:0.001000s ]
INFO: [ app_end ] --START--
INFO: Run Behavior\ShowPageTraceBehavior [ RunTime:0.001000s ]
INFO: [ app_end ] --END-- [ RunTime:0.001000s ]

[ 2016-12-05T11:08:38+08:00 ] 127.0.0.1 /index.php/Home/Order/lists/p/1.html
INFO: [ app_init ] --START--
INFO: Run Behavior\BuildLiteBehavior [ RunTime:0.000000s ]
INFO: [ app_init ] --END-- [ RunTime:0.001000s ]
INFO: [ app_begin ] --START--
INFO: Run Behavior\ReadHtmlCacheBehavior [ RunTime:0.001000s ]
INFO: [ app_begin ] --END-- [ RunTime:0.001000s ]
NOTIC: [2] Invalid argument supplied for foreach() F:\phpStudy\WWW\yueche\ThinkPHP\Library\Think\Db\Driver.class.php 第 504 行.
SQL: SELECT COUNT(*) AS tp_count FROM `t_carorder` LIMIT 1   [ RunTime:0.0350s ]
NOTIC: [2] Invalid argument supplied for foreach() F:\phpStudy\WWW\yueche\ThinkPHP\Library\Think\Db\Driver.class.php 第 504 行.
SQL: SELECT * FROM `t_carorder` ORDER BY PID desc LIMIT 0,15   [ RunTime:0.0300s ]
SQL: SELECT `FName` FROM `t_driver` WHERE `PID` = 13 LIMIT 1   [ RunTime:0.0140s ]
SQL: SELECT `FUserName` FROM `t_user` WHERE `PID` = 12 LIMIT 1   [ RunTime:0.0170s ]
SQL: SELECT `FName` FROM `t_driver` WHERE `PID` = 13 LIMIT 1   [ RunTime:0.0150s ]
SQL: SELECT `FUserName` FROM `t_user` WHERE `PID` = 12 LIMIT 1   [ RunTime:0.0220s ]
SQL: SELECT `FName` FROM `t_driver` WHERE `PID` = 13 LIMIT 1   [ RunTime:0.0180s ]
SQL: SELECT `FUserName` FROM `t_user` WHERE `PID` = 12 LIMIT 1   [ RunTime:0.0160s ]
SQL: SELECT `FName` FROM `t_driver` WHERE `PID` = 13 LIMIT 1   [ RunTime:0.0170s ]
SQL: SELECT `FUserName` FROM `t_user` WHERE `PID` = 12 LIMIT 1   [ RunTime:0.0150s ]
SQL: SELECT `FName` FROM `t_driver` WHERE `PID` = 13 LIMIT 1   [ RunTime:0.0190s ]
SQL: SELECT `FUserName` FROM `t_user` WHERE `PID` = 12 LIMIT 1   [ RunTime:0.0150s ]
SQL: SELECT `FName` FROM `t_driver` WHERE `PID` = 13 LIMIT 1   [ RunTime:0.0160s ]
SQL: SELECT `FUserName` FROM `t_user` WHERE `PID` = 12 LIMIT 1   [ RunTime:0.0190s ]
SQL: SELECT `FName` FROM `t_driver` WHERE `PID` = 13 LIMIT 1   [ RunTime:0.0160s ]
SQL: SELECT `FUserName` FROM `t_user` WHERE `PID` = 12 LIMIT 1   [ RunTime:0.0140s ]
SQL: SELECT `FName` FROM `t_driver` WHERE `PID` = 13 LIMIT 1   [ RunTime:0.0170s ]
SQL: SELECT `FUserName` FROM `t_user` WHERE `PID` = 12 LIMIT 1   [ RunTime:0.0150s ]
SQL: SELECT `FName` FROM `t_driver` WHERE `PID` = 13 LIMIT 1   [ RunTime:0.0150s ]
SQL: SELECT `FUserName` FROM `t_user` WHERE `PID` = 12 LIMIT 1   [ RunTime:0.0160s ]
SQL: SELECT `FName` FROM `t_driver` WHERE `PID` = 13 LIMIT 1   [ RunTime:0.0200s ]
SQL: SELECT `FUserName` FROM `t_user` WHERE `PID` = 12 LIMIT 1   [ RunTime:0.0160s ]
SQL: SELECT `FName` FROM `t_driver` WHERE `PID` = 13 LIMIT 1   [ RunTime:0.0150s ]
SQL: SELECT `FUserName` FROM `t_user` WHERE `PID` = 12 LIMIT 1   [ RunTime:0.0160s ]
SQL: SELECT `FName` FROM `t_driver` WHERE `PID` = 13 LIMIT 1   [ RunTime:0.0220s ]
SQL: SELECT `FUserName` FROM `t_user` WHERE `PID` = 12 LIMIT 1   [ RunTime:0.0160s ]
SQL: SELECT `FName` FROM `t_driver` WHERE `PID` = 13 LIMIT 1   [ RunTime:0.0210s ]
SQL: SELECT `FUserName` FROM `t_user` WHERE `PID` = 12 LIMIT 1   [ RunTime:0.0300s ]
SQL: SELECT `FName` FROM `t_driver` WHERE `PID` = 13 LIMIT 1   [ RunTime:0.0270s ]
SQL: SELECT `FUserName` FROM `t_user` WHERE `PID` = 12 LIMIT 1   [ RunTime:0.0180s ]
SQL: SELECT `FName` FROM `t_driver` WHERE `PID` = 13 LIMIT 1   [ RunTime:0.0140s ]
SQL: SELECT `FUserName` FROM `t_user` WHERE `PID` = 12 LIMIT 1   [ RunTime:0.0270s ]
INFO: [ view_parse ] --START--
INFO: [ template_filter ] --START--
INFO: Run Behavior\ContentReplaceBehavior [ RunTime:0.000000s ]
INFO: [ template_filter ] --END-- [ RunTime:0.001000s ]
INFO: Run Behavior\ParseTemplateBehavior [ RunTime:0.025001s ]
INFO: [ view_parse ] --END-- [ RunTime:0.025001s ]
INFO: [ view_filter ] --START--
INFO: Run Behavior\WriteHtmlCacheBehavior [ RunTime:0.001000s ]
INFO: [ view_filter ] --END-- [ RunTime:0.001000s ]
INFO: [ app_end ] --START--
INFO: Run Behavior\ShowPageTraceBehavior [ RunTime:0.001000s ]
INFO: [ app_end ] --END-- [ RunTime:0.001000s ]

